This is XeTeX, Version 3.141592653-2.6-0.999997 (TeX Live 2025) (preloaded format=xelatex 2025.10.27)  27 OCT 2025 18:59
entering extended mode
 restricted \write18 enabled.
 %&-line parsing enabled.
**report.tex
(./report.tex
LaTeX2e <2024-11-01> patch level 2
L3 programming layer <2025-01-18>
(/usr/local/texlive/2025basic/texmf-dist/tex/latex/base/article.cls
Document Class: article 2024/06/29 v1.4n Standard LaTeX document class
(/usr/local/texlive/2025basic/texmf-dist/tex/latex/base/size12.clo
File: size12.clo 2024/06/29 v1.4n Standard LaTeX file (size option)
)
\c@part=\count192
\c@section=\count193
\c@subsection=\count194
\c@subsubsection=\count195
\c@paragraph=\count196
\c@subparagraph=\count197
\c@figure=\count198
\c@table=\count199
\abovecaptionskip=\skip49
\belowcaptionskip=\skip50
\bibindent=\dimen141
)
(/usr/local/texlive/2025basic/texmf-dist/tex/latex/fontspec/fontspec.sty
(/usr/local/texlive/2025basic/texmf-dist/tex/latex/l3packages/xparse/xparse.sty
(/usr/local/texlive/2025basic/texmf-dist/tex/latex/l3kernel/expl3.sty
Package: expl3 2025-01-18 L3 programming layer (loader) 

(/usr/local/texlive/2025basic/texmf-dist/tex/latex/l3backend/l3backend-xetex.de
f
File: l3backend-xetex.def 2024-05-08 L3 backend support: XeTeX
\g__graphics_track_int=\count266
\l__pdf_internal_box=\box52
\g__pdf_backend_annotation_int=\count267
\g__pdf_backend_link_int=\count268
))
Package: xparse 2024-08-16 L3 Experimental document command parser
)
Package: fontspec 2024/05/11 v2.9e Font selection for XeLaTeX and LuaLaTeX

(/usr/local/texlive/2025basic/texmf-dist/tex/latex/fontspec/fontspec-xetex.sty
Package: fontspec-xetex 2024/05/11 v2.9e Font selection for XeLaTeX and LuaLaTe
X
\l__fontspec_script_int=\count269
\l__fontspec_language_int=\count270
\l__fontspec_strnum_int=\count271
\l__fontspec_tmp_int=\count272
\l__fontspec_tmpa_int=\count273
\l__fontspec_tmpb_int=\count274
\l__fontspec_tmpc_int=\count275
\l__fontspec_em_int=\count276
\l__fontspec_emdef_int=\count277
\l__fontspec_strong_int=\count278
\l__fontspec_strongdef_int=\count279
\l__fontspec_tmpa_dim=\dimen142
\l__fontspec_tmpb_dim=\dimen143
\l__fontspec_tmpc_dim=\dimen144

(/usr/local/texlive/2025basic/texmf-dist/tex/latex/base/fontenc.sty
Package: fontenc 2021/04/29 v2.0v Standard LaTeX package
)
(/usr/local/texlive/2025basic/texmf-dist/tex/latex/fontspec/fontspec.cfg)))
(/usr/local/texlive/2025basic/texmf-dist/tex/latex/polyglossia/polyglossia.sty
Package: polyglossia 2025/01/31 v2.4 Modern multilingual typesetting with XeLaT
eX and LuaLaTeX

(/usr/local/texlive/2025basic/texmf-dist/tex/latex/etoolbox/etoolbox.sty
Package: etoolbox 2025/02/11 v2.5l e-TeX tools for LaTeX (JAW)
\etb@tempcnta=\count280
)
(/usr/local/texlive/2025basic/texmf-dist/tex/generic/iftex/iftex.sty
Package: iftex 2024/12/12 v1.0g TeX engine tests
)
\l_xpg_alias_keyvals_int=\count281

(/usr/local/texlive/2025basic/texmf-dist/tex/latex/polyglossia/gloss-latex.ldf
File: gloss-latex.ldf polyglossia: module for default language
))
(/usr/local/texlive/2025basic/texmf-dist/tex/latex/polyglossia/gloss-russian.ld
f
File: gloss-russian.ldf polyglossia: module for Russian

(/usr/local/texlive/2025basic/texmf-dist/tex/latex/polyglossia/xpg-cyrillicnumb
ers.sty
Package: xpg-cyrillicnumbers 2019/11/15 v0.2 Formatting of Cyrillic alphabetic 
numbers
)

Package polyglossia Warning: No hyphenation patterns were loaded for `russian'
(polyglossia)                I will use \language=\l@nohyphenation instead.

\l@russian = a dialect from \language\l@nohyphenation 
(/usr/local/texlive/2025basic/texmf-dist/tex/latex/polyglossia/babelsh.def
File: babelsh.def 2022/06/21 Babel common definitions for shorthands
 Taken verbatim from babel files (2022/06/06 v3.76)
)
Package babel Info: Making " an active character on input line 115.
)

Package polyglossia Info: Default language is russian


Package fontspec Info: 
(fontspec)             Font family 'TimesNewRoman(0)' created for font 'Times
(fontspec)             New Roman' with options [Ligatures=TeX].
(fontspec)              
(fontspec)              This font family consists of the following NFSS
(fontspec)             series/shapes:
(fontspec)              
(fontspec)             - 'normal' (m/n) with NFSS spec.: <->"Times New
(fontspec)             Roman/OT:script=latn;language=dflt;mapping=tex-text;"
(fontspec)             - 'bold' (b/n) with NFSS spec.: <->"Times New
(fontspec)             Roman/B/OT:script=latn;language=dflt;mapping=tex-text;"
(fontspec)             - 'italic' (m/it) with NFSS spec.: <->"Times New
(fontspec)             Roman/I/OT:script=latn;language=dflt;mapping=tex-text;"
(fontspec)             - 'bold italic' (b/it) with NFSS spec.: <->"Times New
(fontspec)             Roman/BI/OT:script=latn;language=dflt;mapping=tex-text;"



(/usr/local/texlive/2025basic/texmf-dist/tex/latex/listings/listings.sty
(/usr/local/texlive/2025basic/texmf-dist/tex/latex/graphics/keyval.sty
Package: keyval 2022/05/29 v1.15 key=value parser (DPC)
\KV@toks@=\toks17
)
\lst@mode=\count282
\lst@gtempboxa=\box53
\lst@token=\toks18
\lst@length=\count283
\lst@currlwidth=\dimen145
\lst@column=\count284
\lst@pos=\count285
\lst@lostspace=\dimen146
\lst@width=\dimen147
\lst@newlines=\count286
\lst@lineno=\count287
\lst@maxwidth=\dimen148

(/usr/local/texlive/2025basic/texmf-dist/tex/latex/listings/lstpatch.sty
File: lstpatch.sty 2024/09/23 1.10c (Carsten Heinz)
)
(/usr/local/texlive/2025basic/texmf-dist/tex/latex/listings/lstmisc.sty
File: lstmisc.sty 2024/09/23 1.10c (Carsten Heinz)
\c@lstnumber=\count288
\lst@skipnumbers=\count289
\lst@framebox=\box54
)
(/usr/local/texlive/2025basic/texmf-dist/tex/latex/listings/listings.cfg
File: listings.cfg 2024/09/23 1.10c listings configuration
))
Package: listings 2024/09/23 1.10c (Carsten Heinz)

(/usr/local/texlive/2025basic/texmf-dist/tex/latex/xcolor/xcolor.sty
Package: xcolor 2024/09/29 v3.02 LaTeX color extensions (UK)

(/usr/local/texlive/2025basic/texmf-dist/tex/latex/graphics-cfg/color.cfg
File: color.cfg 2016/01/02 v1.6 sample color configuration
)
Package xcolor Info: Driver file: xetex.def on input line 274.

(/usr/local/texlive/2025basic/texmf-dist/tex/latex/graphics-def/xetex.def
File: xetex.def 2022/09/22 v5.0n Graphics/color driver for xetex
)
(/usr/local/texlive/2025basic/texmf-dist/tex/latex/graphics/mathcolor.ltx)
Package xcolor Info: Model `cmy' substituted by `cmy0' on input line 1349.
Package xcolor Info: Model `RGB' extended on input line 1365.
Package xcolor Info: Model `HTML' substituted by `rgb' on input line 1367.
Package xcolor Info: Model `Hsb' substituted by `hsb' on input line 1368.
Package xcolor Info: Model `tHsb' substituted by `hsb' on input line 1369.
Package xcolor Info: Model `HSB' substituted by `hsb' on input line 1370.
Package xcolor Info: Model `Gray' substituted by `gray' on input line 1371.
Package xcolor Info: Model `wave' substituted by `hsb' on input line 1372.
)
(/usr/local/texlive/2025basic/texmf-dist/tex/latex/graphics/graphicx.sty
Package: graphicx 2021/09/16 v1.2d Enhanced LaTeX Graphics (DPC,SPQR)

(/usr/local/texlive/2025basic/texmf-dist/tex/latex/graphics/graphics.sty
Package: graphics 2024/08/06 v1.4g Standard LaTeX Graphics (DPC,SPQR)

(/usr/local/texlive/2025basic/texmf-dist/tex/latex/graphics/trig.sty
Package: trig 2023/12/02 v1.11 sin cos tan (DPC)
)
(/usr/local/texlive/2025basic/texmf-dist/tex/latex/graphics-cfg/graphics.cfg
File: graphics.cfg 2016/06/04 v1.11 sample graphics configuration
)
Package graphics Info: Driver file: xetex.def on input line 106.
)
\Gin@req@height=\dimen149
\Gin@req@width=\dimen150
) (/usr/local/texlive/2025basic/texmf-dist/tex/latex/float/float.sty
Package: float 2001/11/08 v1.3d Float enhancements (AL)
\c@float@type=\count290
\float@exts=\toks19
\float@box=\box55
\@float@everytoks=\toks20
\@floatcapt=\box56
)
(/usr/local/texlive/2025basic/texmf-dist/tex/latex/caption/caption.sty
Package: caption 2023/08/05 v3.6o Customizing captions (AR)

(/usr/local/texlive/2025basic/texmf-dist/tex/latex/caption/caption3.sty
Package: caption3 2023/07/31 v2.4d caption3 kernel (AR)
\caption@tempdima=\dimen151
\captionmargin=\dimen152
\caption@leftmargin=\dimen153
\caption@rightmargin=\dimen154
\caption@width=\dimen155
\caption@indent=\dimen156
\caption@parindent=\dimen157
\caption@hangindent=\dimen158
Package caption Info: Standard document class detected.
)
\c@caption@flags=\count291
\c@continuedfloat=\count292
Package caption Info: float package is loaded.
Package caption Info: listings package is loaded.
)
(/usr/local/texlive/2025basic/texmf-dist/tex/latex/hyperref/hyperref.sty
Package: hyperref 2024-11-05 v7.01l Hypertext links for LaTeX

(/usr/local/texlive/2025basic/texmf-dist/tex/latex/kvsetkeys/kvsetkeys.sty
Package: kvsetkeys 2022-10-05 v1.19 Key value parser (HO)
)
(/usr/local/texlive/2025basic/texmf-dist/tex/generic/kvdefinekeys/kvdefinekeys.
sty
Package: kvdefinekeys 2019-12-19 v1.6 Define keys (HO)
)
(/usr/local/texlive/2025basic/texmf-dist/tex/generic/pdfescape/pdfescape.sty
Package: pdfescape 2019/12/09 v1.15 Implements pdfTeX's escape features (HO)

(/usr/local/texlive/2025basic/texmf-dist/tex/generic/ltxcmds/ltxcmds.sty
Package: ltxcmds 2023-12-04 v1.26 LaTeX kernel commands for general use (HO)
)
(/usr/local/texlive/2025basic/texmf-dist/tex/generic/pdftexcmds/pdftexcmds.sty
Package: pdftexcmds 2020-06-27 v0.33 Utility functions of pdfTeX for LuaTeX (HO
)

(/usr/local/texlive/2025basic/texmf-dist/tex/generic/infwarerr/infwarerr.sty
Package: infwarerr 2019/12/03 v1.5 Providing info/warning/error messages (HO)
)
Package pdftexcmds Info: \pdf@primitive is available.
Package pdftexcmds Info: \pdf@ifprimitive is available.
Package pdftexcmds Info: \pdfdraftmode not found.
)) (/usr/local/texlive/2025basic/texmf-dist/tex/latex/hycolor/hycolor.sty
Package: hycolor 2020-01-27 v1.10 Color options for hyperref/bookmark (HO)
)
(/usr/local/texlive/2025basic/texmf-dist/tex/latex/hyperref/nameref.sty
Package: nameref 2023-11-26 v2.56 Cross-referencing by name of section

(/usr/local/texlive/2025basic/texmf-dist/tex/latex/refcount/refcount.sty
Package: refcount 2019/12/15 v3.6 Data extraction from label references (HO)
)
(/usr/local/texlive/2025basic/texmf-dist/tex/generic/gettitlestring/gettitlestr
ing.sty
Package: gettitlestring 2019/12/15 v1.6 Cleanup title references (HO)

(/usr/local/texlive/2025basic/texmf-dist/tex/latex/kvoptions/kvoptions.sty
Package: kvoptions 2022-06-15 v3.15 Key value format for package options (HO)
))
\c@section@level=\count293
)
(/usr/local/texlive/2025basic/texmf-dist/tex/generic/stringenc/stringenc.sty
Package: stringenc 2019/11/29 v1.12 Convert strings between diff. encodings (HO
)
)
\@linkdim=\dimen159
\Hy@linkcounter=\count294
\Hy@pagecounter=\count295

(/usr/local/texlive/2025basic/texmf-dist/tex/latex/hyperref/pd1enc.def
File: pd1enc.def 2024-11-05 v7.01l Hyperref: PDFDocEncoding definition (HO)
)
(/usr/local/texlive/2025basic/texmf-dist/tex/generic/intcalc/intcalc.sty
Package: intcalc 2019/12/15 v1.3 Expandable calculations with integers (HO)
)
\Hy@SavedSpaceFactor=\count296

(/usr/local/texlive/2025basic/texmf-dist/tex/latex/hyperref/puenc.def
File: puenc.def 2024-11-05 v7.01l Hyperref: PDF Unicode definition (HO)
)
Package hyperref Info: Hyper figures OFF on input line 4157.
Package hyperref Info: Link nesting OFF on input line 4162.
Package hyperref Info: Hyper index ON on input line 4165.
Package hyperref Info: Plain pages OFF on input line 4172.
Package hyperref Info: Backreferencing OFF on input line 4177.
Package hyperref Info: Implicit mode ON; LaTeX internals redefined.
Package hyperref Info: Bookmarks ON on input line 4424.
\c@Hy@tempcnt=\count297

(/usr/local/texlive/2025basic/texmf-dist/tex/latex/url/url.sty
\Urlmuskip=\muskip17
Package: url 2013/09/16  ver 3.4  Verb mode for urls, etc.
)
LaTeX Info: Redefining \url on input line 4763.
\XeTeXLinkMargin=\dimen160

(/usr/local/texlive/2025basic/texmf-dist/tex/generic/bitset/bitset.sty
Package: bitset 2019/12/09 v1.3 Handle bit-vector datatype (HO)

(/usr/local/texlive/2025basic/texmf-dist/tex/generic/bigintcalc/bigintcalc.sty
Package: bigintcalc 2019/12/15 v1.5 Expandable calculations on big integers (HO
)
))
\Fld@menulength=\count298
\Field@Width=\dimen161
\Fld@charsize=\dimen162
Package hyperref Info: Hyper figures OFF on input line 6042.
Package hyperref Info: Link nesting OFF on input line 6047.
Package hyperref Info: Hyper index ON on input line 6050.
Package hyperref Info: backreferencing OFF on input line 6057.
Package hyperref Info: Link coloring OFF on input line 6062.
Package hyperref Info: Link coloring with OCG OFF on input line 6067.
Package hyperref Info: PDF/A mode OFF on input line 6072.
 (/usr/local/texlive/2025basic/texmf-dist/tex/latex/base/atbegshi-ltx.sty
Package: atbegshi-ltx 2021/01/10 v1.0c Emulation of the original atbegshi
package with kernel methods
)
\Hy@abspage=\count299
\c@Item=\count300
\c@Hfootnote=\count301
)
Package hyperref Info: Driver (autodetected): hxetex.

(/usr/local/texlive/2025basic/texmf-dist/tex/latex/hyperref/hxetex.def
File: hxetex.def 2024-11-05 v7.01l Hyperref driver for XeTeX
\pdfm@box=\box57
\c@Hy@AnnotLevel=\count302
\HyField@AnnotCount=\count303
\Fld@listcount=\count304
\c@bookmark@seq@number=\count305

(/usr/local/texlive/2025basic/texmf-dist/tex/latex/rerunfilecheck/rerunfilechec
k.sty
Package: rerunfilecheck 2022-07-10 v1.10 Rerun checks for auxiliary files (HO)
 (/usr/local/texlive/2025basic/texmf-dist/tex/latex/base/atveryend-ltx.sty
Package: atveryend-ltx 2020/08/19 v1.0a Emulation of the original atveryend pac
kage
with kernel methods
)
(/usr/local/texlive/2025basic/texmf-dist/tex/generic/uniquecounter/uniquecounte
r.sty
Package: uniquecounter 2019/12/15 v1.4 Provide unlimited unique counter (HO)
)
Package uniquecounter Info: New unique counter `rerunfilecheck' on input line 2
85.
)
\Hy@SectionHShift=\skip51
)

! LaTeX Error: File `csquotes.sty' not found.

Type X to quit or <RETURN> to proceed,
or enter new name. (Default extension: sty)

Enter file name: 

Package fontspec Info: 
(fontspec)             Font family 'TimesNewRoman(1)' created for font 'Times
(fontspec)             New Roman' with options
(fontspec)             [Ligatures=TeX,Script=Cyrillic].
(fontspec)              
(fontspec)              This font family consists of the following NFSS
(fontspec)             series/shapes:
(fontspec)              
(fontspec)             - 'normal' (m/n) with NFSS spec.: <->"Times New
(fontspec)             Roman/OT:script=cyrl;language=dflt;mapping=tex-text;"
(fontspec)             - 'bold' (b/n) with NFSS spec.: <->"Times New
(fontspec)             Roman/B/OT:script=cyrl;language=dflt;mapping=tex-text;"
(fontspec)             - 'italic' (m/it) with NFSS spec.: <->"Times New
(fontspec)             Roman/I/OT:script=cyrl;language=dflt;mapping=tex-text;"
(fontspec)             - 'bold italic' (b/it) with NFSS spec.: <->"Times New
(fontspec)             Roman/BI/OT:script=cyrl;language=dflt;mapping=tex-text;"


No file report.aux.
\openout1 = `report.aux'.

LaTeX Font Info:    Checking defaults for OML/cmm/m/it on input line 47.
LaTeX Font Info:    ... okay on input line 47.
LaTeX Font Info:    Checking defaults for OMS/cmsy/m/n on input line 47.
LaTeX Font Info:    ... okay on input line 47.
LaTeX Font Info:    Checking defaults for OT1/cmr/m/n on input line 47.
LaTeX Font Info:    ... okay on input line 47.
LaTeX Font Info:    Checking defaults for T1/cmr/m/n on input line 47.
LaTeX Font Info:    ... okay on input line 47.
LaTeX Font Info:    Checking defaults for TS1/cmr/m/n on input line 47.
LaTeX Font Info:    ... okay on input line 47.
LaTeX Font Info:    Checking defaults for TU/lmr/m/n on input line 47.
LaTeX Font Info:    ... okay on input line 47.
LaTeX Font Info:    Checking defaults for OMX/cmex/m/n on input line 47.
LaTeX Font Info:    ... okay on input line 47.
LaTeX Font Info:    Checking defaults for U/cmr/m/n on input line 47.
LaTeX Font Info:    ... okay on input line 47.
LaTeX Font Info:    Checking defaults for PD1/pdf/m/n on input line 47.
LaTeX Font Info:    ... okay on input line 47.
LaTeX Font Info:    Checking defaults for PU/pdf/m/n on input line 47.
LaTeX Font Info:    ... okay on input line 47.

Package fontspec Info: 
(fontspec)             Adjusting the maths setup (use [no-math] to avoid
(fontspec)             this).

\symlegacymaths=\mathgroup4
LaTeX Font Info:    Overwriting symbol font `legacymaths' in version `bold'
(Font)                  OT1/cmr/m/n --> OT1/cmr/bx/n on input line 47.
LaTeX Font Info:    Redeclaring math accent \acute on input line 47.
LaTeX Font Info:    Redeclaring math accent \grave on input line 47.
LaTeX Font Info:    Redeclaring math accent \ddot on input line 47.
LaTeX Font Info:    Redeclaring math accent \tilde on input line 47.
LaTeX Font Info:    Redeclaring math accent \bar on input line 47.
LaTeX Font Info:    Redeclaring math accent \breve on input line 47.
LaTeX Font Info:    Redeclaring math accent \check on input line 47.
LaTeX Font Info:    Redeclaring math accent \hat on input line 47.
LaTeX Font Info:    Redeclaring math accent \dot on input line 47.
LaTeX Font Info:    Redeclaring math accent \mathring on input line 47.
LaTeX Font Info:    Redeclaring math symbol \colon on input line 47.
LaTeX Font Info:    Redeclaring math symbol \Gamma on input line 47.
LaTeX Font Info:    Redeclaring math symbol \Delta on input line 47.
LaTeX Font Info:    Redeclaring math symbol \Theta on input line 47.
LaTeX Font Info:    Redeclaring math symbol \Lambda on input line 47.
LaTeX Font Info:    Redeclaring math symbol \Xi on input line 47.
LaTeX Font Info:    Redeclaring math symbol \Pi on input line 47.
LaTeX Font Info:    Redeclaring math symbol \Sigma on input line 47.
LaTeX Font Info:    Redeclaring math symbol \Upsilon on input line 47.
LaTeX Font Info:    Redeclaring math symbol \Phi on input line 47.
LaTeX Font Info:    Redeclaring math symbol \Psi on input line 47.
LaTeX Font Info:    Redeclaring math symbol \Omega on input line 47.
LaTeX Font Info:    Redeclaring math symbol \mathdollar on input line 47.
LaTeX Font Info:    Redeclaring symbol font `operators' on input line 47.
LaTeX Font Info:    Encoding `OT1' has changed to `TU' for symbol font
(Font)              `operators' in the math version `normal' on input line 47.
LaTeX Font Info:    Overwriting symbol font `operators' in version `normal'
(Font)                  OT1/cmr/m/n --> TU/TimesNewRoman(0)/m/n on input line 4
7.
LaTeX Font Info:    Encoding `OT1' has changed to `TU' for symbol font
(Font)              `operators' in the math version `bold' on input line 47.
LaTeX Font Info:    Overwriting symbol font `operators' in version `bold'
(Font)                  OT1/cmr/bx/n --> TU/TimesNewRoman(0)/m/n on input line 
47.
LaTeX Font Info:    Overwriting symbol font `operators' in version `normal'
(Font)                  TU/TimesNewRoman(0)/m/n --> TU/TimesNewRoman(0)/m/n on 
input line 47.
LaTeX Font Info:    Overwriting math alphabet `\mathit' in version `normal'
(Font)                  OT1/cmr/m/it --> TU/TimesNewRoman(0)/m/it on input line
 47.
LaTeX Font Info:    Overwriting math alphabet `\mathbf' in version `normal'
(Font)                  OT1/cmr/bx/n --> TU/TimesNewRoman(0)/b/n on input line 
47.
LaTeX Font Info:    Overwriting math alphabet `\mathsf' in version `normal'
(Font)                  OT1/cmss/m/n --> TU/lmss/m/n on input line 47.
LaTeX Font Info:    Overwriting math alphabet `\mathtt' in version `normal'
(Font)                  OT1/cmtt/m/n --> TU/lmtt/m/n on input line 47.
LaTeX Font Info:    Overwriting symbol font `operators' in version `bold'
(Font)                  TU/TimesNewRoman(0)/m/n --> TU/TimesNewRoman(0)/b/n on 
input line 47.
LaTeX Font Info:    Overwriting math alphabet `\mathit' in version `bold'
(Font)                  OT1/cmr/bx/it --> TU/TimesNewRoman(0)/b/it on input lin
e 47.
LaTeX Font Info:    Overwriting math alphabet `\mathsf' in version `bold'
(Font)                  OT1/cmss/bx/n --> TU/lmss/b/n on input line 47.
LaTeX Font Info:    Overwriting math alphabet `\mathtt' in version `bold'
(Font)                  OT1/cmtt/m/n --> TU/lmtt/b/n on input line 47.
\c@lstlisting=\count306
Package caption Info: Begin \AtBeginDocument code.
Package caption Info: hyperref package is loaded.
Package caption Info: End \AtBeginDocument code.
Package hyperref Info: Link coloring OFF on input line 47.
\@outlinefile=\write3
\openout3 = `report.out'.


Package hyperref Warning: Rerun to get /PageLabels entry.

(./titlepage.tex
! Undefined control sequence.
l.18 ...я работа \textnumero 1 \\по курсу \enquote
                                                  {Операционные системы}
? 
LaTeX Font Info:    External font `cmex10' loaded for size
(Font)              <14.4> on input line 28.
LaTeX Font Info:    External font `cmex10' loaded for size
(Font)              <7> on input line 28.


[1

])
No file report.toc.
\tf@toc=\write4
\openout4 = `report.toc'.



[1] (./problem.tex
Overfull \hbox (4.65039pt too wide) in paragraph at lines 2--3
\TU/TimesNewRoman(1)/m/n/12 процесс принимает от пользователя строки произвольн
ой длины и пересылает
 []


Overfull \hbox (19.64453pt too wide) in paragraph at lines 5--6
\TU/TimesNewRoman(1)/m/n/12 взаимодействия через pipes и обработки данных в мно
гопроцессной архитектуре. 
 []

)

[2] (./src.tex
Overfull \hbox (18.52734pt too wide) in paragraph at lines 2--4
[]\TU/TimesNewRoman(1)/m/n/12 Данная программа реализует многопроцессную обрабо
тку текстовых данных
 []


Overfull \hbox (24.21875pt too wide) in paragraph at lines 2--4
\TU/TimesNewRoman(1)/m/n/12 с использованием каналов (pipes) для межпроцессного
 взаимодействия. Основной
 []


Overfull \hbox (29.55469pt too wide) in paragraph at lines 2--4
\TU/TimesNewRoman(1)/m/n/12 алгоритм: родительский процесс читает строки из ста
ндартного ввода и направляет
 []


Underfull \hbox (badness 10000) in paragraph at lines 5--10

 []


Underfull \hbox (badness 10000) in paragraph at lines 11--14

 []


Overfull \hbox (12.02148pt too wide) in paragraph at lines 15--16
[]\TU/TimesNewRoman(1)/m/n/12 Программа использует объектно-ориентированный под
ход с инкапсуляцией
 []


Overfull \hbox (11.25195pt too wide) in paragraph at lines 15--16
\TU/TimesNewRoman(1)/m/n/12 платформо-зависимых особенностей, что обеспечивает 
кроссплатформенность
 []


Overfull \hbox (11.14453pt too wide) in paragraph at lines 18--21
[]\TU/TimesNewRoman(1)/m/n/12 Программа реализует многопроцессную обработку тек
стовых данных через
 []


Underfull \hbox (badness 10000) in paragraph at lines 18--21

 []


Overfull \hbox (2.38768pt too wide) in paragraph at lines 22--28
\TU/TimesNewRoman(1)/m/n/12 В main.cpp находится точка входа, создающая ParentP
rocess и запрашивающая
 []


Overfull \hbox (12.24805pt too wide) in paragraph at lines 22--28
\TU/TimesNewRoman(1)/m/n/12 Класс ParentProcess (parentProcess.cpp) управляет в
сей работой: создает каналы,
 []


Overfull \hbox (26.32227pt too wide) in paragraph at lines 22--28
\TU/TimesNewRoman(1)/m/n/12 Класс PipeManager (pipeManager.cpp) инкапсулирует р
аботу с каналами, используя
 []


Overfull \hbox (16.64063pt too wide) in paragraph at lines 22--28
\TU/TimesNewRoman(1)/m/n/12 Platform (platform.cpp) предоставляет кроссплатформ
енные функции для работы
 []


Underfull \hbox (badness 10000) in paragraph at lines 22--28

 []



[3]
Overfull \hbox (12.40234pt too wide) in paragraph at lines 29--30
[]\TU/TimesNewRoman(1)/m/n/12 Дочерние процессы (childProcess.cpp) являются отд
ельными исполняемыми
 []


Overfull \hbox (21.61523pt too wide) in paragraph at lines 29--30
\TU/TimesNewRoman(1)/m/n/12 их и выводят результаты в стандартный вывод, соотве
тствуя требованию условия. 
 []

(/usr/local/texlive/2025basic/texmf-dist/tex/latex/listings/lstlang1.sty
File: lstlang1.sty 2024/09/23 1.10c listings language file
)
(/usr/local/texlive/2025basic/texmf-dist/tex/latex/listings/lstlang1.sty
File: lstlang1.sty 2024/09/23 1.10c listings language file
)
(/usr/local/texlive/2025basic/texmf-dist/tex/latex/listings/lstmisc.sty
File: lstmisc.sty 2024/09/23 1.10c (Carsten Heinz)
)
Package hyperref Info: bookmark level for unknown lstlisting defaults to 0 on i
nput line 35.


! Package polyglossia Error: The current main monospace font,
(polyglossia)                lmmono12-regular, does not contain the
(polyglossia)                "Cyrillic" script!
(polyglossia)                Please define \cyrillicfonttt with
(polyglossia)                \newfontfamily command

Type <return> to continue.
 ...                                              
                                                  
l.35 ...++,caption={main.cpp}]{../../src/main.cpp}
                                                  
? 
(../../src/main.cpp

[4])

! Package polyglossia Error: The current main monospace font,
(polyglossia)                lmmono12-regular, does not contain the
(polyglossia)                "Cyrillic" script!
(polyglossia)                Please define \cyrillicfonttt with
(polyglossia)                \newfontfamily command

Type <return> to continue.
 ...                                              
                                                  
l.38 ...Process.cpp}]{../../src/parentProcess.cpp}
                                                  
? 
(../../src/parentProcess.cpp

[5])

! Package polyglossia Error: The current main monospace font,
(polyglossia)                lmmono12-regular, does not contain the
(polyglossia)                "Cyrillic" script!
(polyglossia)                Please define \cyrillicfonttt with
(polyglossia)                \newfontfamily command

Type <return> to continue.
 ...                                              
                                                  
l.41 ...../../src/parentProcessImplementation.cpp}
                                                  
? 
(../../src/parentProcessImplementation.cpp

[6]

[7]
Missing character: There is no ≤ (U+2264) in font [lmmono10-regular]:!


[8])

! Package polyglossia Error: The current main monospace font,
(polyglossia)                lmmono12-regular, does not contain the
(polyglossia)                "Cyrillic" script!
(polyglossia)                Please define \cyrillicfonttt with
(polyglossia)                \newfontfamily command

Type <return> to continue.
 ...                                              
                                                  
l.44 ...dProcess.cpp}]{../../src/childProcess.cpp}
                                                  
? 
(../../src/childProcess.cpp

[9])

! Package polyglossia Error: The current main monospace font,
(polyglossia)                lmmono12-regular, does not contain the
(polyglossia)                "Cyrillic" script!
(polyglossia)                Please define \cyrillicfonttt with
(polyglossia)                \newfontfamily command

Type <return> to continue.
 ...                                              
                                                  
l.49 ...peManager.cpp}]{../../src/pipeManager.cpp}
                                                  
? 
(../../src/pipeManager.cpp

[10]
Missing character: There is no У (U+0423) in font [lmmono10-regular]:!
Missing character: There is no б (U+0431) in font [lmmono10-regular]:!
Missing character: There is no и (U+0438) in font [lmmono10-regular]:!
Missing character: There is no р (U+0440) in font [lmmono10-regular]:!
Missing character: There is no а (U+0430) in font [lmmono10-regular]:!
Missing character: There is no е (U+0435) in font [lmmono10-regular]:!
Missing character: There is no м (U+043C) in font [lmmono10-regular]:!
Missing character: There is no с (U+0441) in font [lmmono10-regular]:!
Missing character: There is no и (U+0438) in font [lmmono10-regular]:!
Missing character: There is no м (U+043C) in font [lmmono10-regular]:!
Missing character: There is no в (U+0432) in font [lmmono10-regular]:!
Missing character: There is no о (U+043E) in font [lmmono10-regular]:!
Missing character: There is no л (U+043B) in font [lmmono10-regular]:!
Missing character: There is no н (U+043D) in font [lmmono10-regular]:!
Missing character: There is no о (U+043E) in font [lmmono10-regular]:!
Missing character: There is no в (U+0432) in font [lmmono10-regular]:!
Missing character: There is no о (U+043E) in font [lmmono10-regular]:!
Missing character: There is no й (U+0439) in font [lmmono10-regular]:!
Missing character: There is no с (U+0441) in font [lmmono10-regular]:!
Missing character: There is no т (U+0442) in font [lmmono10-regular]:!
Missing character: There is no р (U+0440) in font [lmmono10-regular]:!
Missing character: There is no о (U+043E) in font [lmmono10-regular]:!
Missing character: There is no к (U+043A) in font [lmmono10-regular]:!
Missing character: There is no и (U+0438) in font [lmmono10-regular]:!
Missing character: There is no е (U+0435) in font [lmmono10-regular]:!
Missing character: There is no с (U+0441) in font [lmmono10-regular]:!
Missing character: There is no л (U+043B) in font [lmmono10-regular]:!
Missing character: There is no и (U+0438) in font [lmmono10-regular]:!
Missing character: There is no е (U+0435) in font [lmmono10-regular]:!
Missing character: There is no с (U+0441) in font [lmmono10-regular]:!
Missing character: There is no т (U+0442) in font [lmmono10-regular]:!
Missing character: There is no ь (U+044C) in font [lmmono10-regular]:!


[11]

[12]
Missing character: There is no У (U+0423) in font [lmmono10-regular]:!
Missing character: There is no б (U+0431) in font [lmmono10-regular]:!
Missing character: There is no и (U+0438) in font [lmmono10-regular]:!
Missing character: There is no р (U+0440) in font [lmmono10-regular]:!
Missing character: There is no а (U+0430) in font [lmmono10-regular]:!
Missing character: There is no е (U+0435) in font [lmmono10-regular]:!
Missing character: There is no м (U+043C) in font [lmmono10-regular]:!
Missing character: There is no с (U+0441) in font [lmmono10-regular]:!
Missing character: There is no и (U+0438) in font [lmmono10-regular]:!
Missing character: There is no м (U+043C) in font [lmmono10-regular]:!
Missing character: There is no в (U+0432) in font [lmmono10-regular]:!
Missing character: There is no о (U+043E) in font [lmmono10-regular]:!
Missing character: There is no л (U+043B) in font [lmmono10-regular]:!
Missing character: There is no н (U+043D) in font [lmmono10-regular]:!
Missing character: There is no о (U+043E) in font [lmmono10-regular]:!
Missing character: There is no в (U+0432) in font [lmmono10-regular]:!
Missing character: There is no о (U+043E) in font [lmmono10-regular]:!
Missing character: There is no й (U+0439) in font [lmmono10-regular]:!
Missing character: There is no с (U+0441) in font [lmmono10-regular]:!
Missing character: There is no т (U+0442) in font [lmmono10-regular]:!
Missing character: There is no р (U+0440) in font [lmmono10-regular]:!
Missing character: There is no о (U+043E) in font [lmmono10-regular]:!
Missing character: There is no к (U+043A) in font [lmmono10-regular]:!
Missing character: There is no и (U+0438) in font [lmmono10-regular]:!
Missing character: There is no е (U+0435) in font [lmmono10-regular]:!
Missing character: There is no с (U+0441) in font [lmmono10-regular]:!
Missing character: There is no л (U+043B) in font [lmmono10-regular]:!
Missing character: There is no и (U+0438) in font [lmmono10-regular]:!
Missing character: There is no е (U+0435) in font [lmmono10-regular]:!
Missing character: There is no с (U+0441) in font [lmmono10-regular]:!
Missing character: There is no т (U+0442) in font [lmmono10-regular]:!
Missing character: There is no ь (U+044C) in font [lmmono10-regular]:!
)

! Package polyglossia Error: The current main monospace font,
(polyglossia)                lmmono12-regular, does not contain the
(polyglossia)                "Cyrillic" script!
(polyglossia)                Please define \cyrillicfonttt with
(polyglossia)                \newfontfamily command

Type <return> to continue.
 ...                                              
                                                  
l.52 ...essor.cpp}]{../../src/stringProcessor.cpp}
                                                  
? 
(../../src/stringProcessor.cpp

[13])

! Package polyglossia Error: The current main monospace font,
(polyglossia)                lmmono12-regular, does not contain the
(polyglossia)                "Cyrillic" script!
(polyglossia)                Please define \cyrillicfonttt with
(polyglossia)                \newfontfamily command

Type <return> to continue.
 ...                                              
                                                  
l.55 ...on={platform.cpp}]{../../src/platform.cpp}
                                                  
? 
(../../src/platform.cpp)

! Package polyglossia Error: The current main monospace font,
(polyglossia)                lmmono12-regular, does not contain the
(polyglossia)                "Cyrillic" script!
(polyglossia)                Please define \cyrillicfonttt with
(polyglossia)                \newfontfamily command

Type <return> to continue.
 ...                                              
                                                  
l.60 \begin{verbatim}
                     
? 

Overfull \hbox (48.74396pt too wide) in paragraph at lines 110--110
[]\TU/lmtt/m/n/12 274130 execve("./parent",["./parent"],0x7ffcd3e49d68 /* 36 va
rs */) = 0[] 
 []


Overfull \hbox (172.33197pt too wide) in paragraph at lines 110--110
[]\TU/lmtt/m/n/12 274130 mmap(NULL,8192,PROT_READ|PROT_WRITE,MAP_PRIVATE|MAP_AN
ONYMOUS,-1,0) = 0x79c2f692d000[] 
 []


Overfull \hbox (104.39995pt too wide) in paragraph at lines 110--110
[]\TU/lmtt/m/n/12 274130 access("/etc/ld.so.preload",R_OK) = -1 ENOENT (No such
 file or directory)[] 
 []


Overfull \hbox (11.69997pt too wide) in paragraph at lines 110--110
[]\TU/lmtt/m/n/12 274130 openat(AT_FDCWD,"/etc/ld.so.cache",0_RDONLY|0_CLOEXEC)
 = 3[] 
 []


Overfull \hbox (17.832pt too wide) in paragraph at lines 110--110
[]\TU/lmtt/m/n/12 274130 mmap(NULL,33163,PROT_READ,MAP_PRIVATE,3,0) = 0x79c2f69
24000[] 
 []


Overfull \hbox (135.26398pt too wide) in paragraph at lines 110--110
[]\TU/lmtt/m/n/12 274130 openat(AT_FDCWD,"/lib/x86_64-linux-gnu/libstdc++.so.6"
,0_RDONLY|0_CLOEXEC) = 3[] 
 []


Overfull \hbox (178.55998pt too wide) in paragraph at lines 110--110
[]\TU/lmtt/m/n/12 274130 read(3,"\177ELF\2\1\1\3\0\0\0\0\0\0\0\0\3\0>\0\1\0\0\0
\0\0\0\0\0\0\0\0"...,832) = 832[] 
 []



[14]
Overfull \hbox (116.69998pt too wide) in paragraph at lines 110--110
[]\TU/lmtt/m/n/12 274130 mmap(NULL,2609472,PROT_READ,MAP_PRIVATE|MAP_DENYWRITE,
3,0) = 0x79c2f6600000[] 
 []


Overfull \hbox (339.13199pt too wide) in paragraph at lines 110--110
[]\TU/lmtt/m/n/12 274130 mmap(0x79c2f669d000,1343488,PROT_READ|PROT_EXEC,MAP_PR
IVATE|MAP_FIXED|MAP_DENYWRITE,3,0x9d000) = 0x79c2f669d000[] 
 []


Overfull \hbox (277.368pt too wide) in paragraph at lines 110--110
[]\TU/lmtt/m/n/12 274130 mmap(0x79c2f67e5000,552960,PROT_READ,MAP_PRIVATE|MAP_F
IXED|MAP_DENYWRITE,3,0x1e5000) = 0x79c2f67e5000[] 
 []


Overfull \hbox (339.15598pt too wide) in paragraph at lines 110--110
[]\TU/lmtt/m/n/12 274130 mmap(0x79c2f686c000,57344,PROT_READ|PROT_WRITE,MAP_PRI
VATE|MAP_FIXED|MAP_DENYWRITE,3,0x26b000) = 0x79c2f686c000[] 
 []


Overfull \hbox (302.09999pt too wide) in paragraph at lines 110--110
[]\TU/lmtt/m/n/12 274130 mmap(0x79c2f687a000,12608,PROT_READ|PROT_WRITE,MAP_PRI
VATE|MAP_FIXED|MAP_ANONYMOUS,-1,0) = 0x79c2f687a000[] 
 []


Overfull \hbox (357.75598pt too wide) in paragraph at lines 110--110
[]\TU/lmtt/m/n/12 274130 clone(child_stack=NULL,flags=CLONE_CHILD_CLEARTID|CLON
E_CHILD_SETTID|SIGCHLD,child_tidptr=0x79c2f68f1a10) = 274150[] 
 []


Overfull \hbox (357.75598pt too wide) in paragraph at lines 110--110
[]\TU/lmtt/m/n/12 274130 clone(child_stack=NULL,flags=CLONE_CHILD_CLEARTID|CLON
E_CHILD_SETTID|SIGCHLD,child_tidptr=0x79c2f68f1a10) = 274151[] 
 []


Overfull \hbox (122.91597pt too wide) in paragraph at lines 110--110
[]\TU/lmtt/m/n/12 274150 execve("./child",["./child","output1.txt"],0x7ffd73be5
9b8 /* 36 vars */) = 0[] 
 []


Overfull \hbox (122.91597pt too wide) in paragraph at lines 110--110
[]\TU/lmtt/m/n/12 274151 execve("./child",["./child","output2.txt"],0x7ffd73be5
9b8 /* 36 vars */) = 0[] 
 []

)
Overfull \hbox (6.95313pt too wide) in paragraph at lines 112--58
[]\TU/TimesNewRoman(1)/m/n/12 Программа демонстрирует корректную работу механиз
ма межпроцессного
 []


Overfull \hbox (8.03516pt too wide) in paragraph at lines 112--58
\TU/TimesNewRoman(1)/m/n/12 взаимодействия через именованные каналы и правильно
е распределение строк
 []



[15]

[16] (./benchmark.tex (./report.aux)
 ***********
LaTeX2e <2024-11-01> patch level 2
L3 programming layer <2025-01-18>
 ***********


Package rerunfilecheck Warning: File `report.out' has changed.
(rerunfilecheck)                Rerun to get outlines right
(rerunfilecheck)                or use package `bookmark'.

Package rerunfilecheck Info: Checksums for `report.out':
(rerunfilecheck)             Before: <no file>
(rerunfilecheck)             After:  CCD66C38B829E75233525589454FA606;1225.
 ) ) 
Here is how much of TeX's memory you used:
 14974 strings out of 475366
 295436 string characters out of 5762338
 1218194 words of memory out of 5000000
 37749 multiletter control sequences out of 15000+600000
 560414 words of font info for 78 fonts, out of 8000000 for 9000
 319 hyphenation exceptions out of 8191
 79i,6n,93p,652b,2015s stack positions out of 10000i,1000n,20000p,200000b,200000s

Output written on report.pdf (17 pages).
